# JRE version: Java(TM) SE Runtime Environment (7.0_79-b15) (build 1.7.0_79-b15)
# Java VM: Java HotSpot(TM) 64-Bit Server VM (24.79-b02 mixed mode bsd-amd64 compressed oops)
Heap
 PSYoungGen      total 304640K, used 124005K [0x00000007eaa80000, 0x0000000800000000, 0x0000000800000000)
  eden space 263168K, 40% used [0x00000007eaa80000,0x00000007f1208790,0x00000007fab80000)
  from space 41472K, 43% used [0x00000007fd280000,0x00000007fe410d88,0x00000007ffb00000)
  to   space 39936K, 0% used [0x00000007fab80000,0x00000007fab80000,0x00000007fd280000)
 ParOldGen       total 175104K, used 87649K [0x00000007c0000000, 0x00000007cab00000, 0x00000007eaa80000)
  object space 175104K, 50% used [0x00000007c0000000,0x00000007c5598740,0x00000007cab00000)
 PSPermGen       total 60416K, used 60112K [0x00000007b0000000, 0x00000007b3b00000, 0x00000007c0000000)
  object space 60416K, 99% used [0x00000007b0000000,0x00000007b3ab4090,0x00000007b3b00000)
GC Heap History (10 events):
Event: 35.548 GC heap before
{Heap before GC invocations=10 (full 0):
 PSYoungGen      total 148992K, used 145594K [0x00000007eaa80000, 0x00000007fa080000, 0x0000000800000000)
  eden space 123904K, 100% used [0x00000007eaa80000,0x00000007f2380000,0x00000007f2380000)
  from space 25088K, 86% used [0x00000007f2380000,0x00000007f38ae860,0x00000007f3c00000)
  to   space 26624K, 0% used [0x00000007f8680000,0x00000007f8680000,0x00000007fa080000)
 ParOldGen       total 175104K, used 26141K [0x00000007c0000000, 0x00000007cab00000, 0x00000007eaa80000)
  object space 175104K, 14% used [0x00000007c0000000,0x00000007c19876a0,0x00000007cab00000)
 PSPermGen       total 24064K, used 23639K [0x00000007b0000000, 0x00000007b1780000, 0x00000007c0000000)
  object space 24064K, 98% used [0x00000007b0000000,0x00000007b1715ff8,0x00000007b1780000)
Event: 35.595 GC heap after
Heap after GC invocations=10 (full 0):
 PSYoungGen      total 220160K, used 26596K [0x00000007eaa80000, 0x00000007faa80000, 0x0000000800000000)
  eden space 193536K, 0% used [0x00000007eaa80000,0x00000007eaa80000,0x00000007f6780000)
  from space 26624K, 99% used [0x00000007f8680000,0x00000007fa0793b0,0x00000007fa080000)
  to   space 31744K, 0% used [0x00000007f6780000,0x00000007f6780000,0x00000007f8680000)
 ParOldGen       total 175104K, used 31981K [0x00000007c0000000, 0x00000007cab00000, 0x00000007eaa80000)
  object space 175104K, 18% used [0x00000007c0000000,0x00000007c1f3b660,0x00000007cab00000)
 PSPermGen       total 24064K, used 23639K [0x00000007b0000000, 0x00000007b1780000, 0x00000007c0000000)
  object space 24064K, 98% used [0x00000007b0000000,0x00000007b1715ff8,0x00000007b1780000)
}
Event: 38.575 GC heap before
{Heap before GC invocations=11 (full 0):
 PSYoungGen      total 220160K, used 220132K [0x00000007eaa80000, 0x00000007faa80000, 0x0000000800000000)
  eden space 193536K, 100% used [0x00000007eaa80000,0x00000007f6780000,0x00000007f6780000)
  from space 26624K, 99% used [0x00000007f8680000,0x00000007fa0793b0,0x00000007fa080000)
  to   space 31744K, 0% used [0x00000007f6780000,0x00000007f6780000,0x00000007f8680000)
 ParOldGen       total 175104K, used 31981K [0x00000007c0000000, 0x00000007cab00000, 0x00000007eaa80000)
  object space 175104K, 18% used [0x00000007c0000000,0x00000007c1f3b660,0x00000007cab00000)
 PSPermGen       total 24064K, used 23682K [0x00000007b0000000, 0x00000007b1780000, 0x00000007c0000000)
  object space 24064K, 98% used [0x00000007b0000000,0x00000007b1720930,0x00000007b1780000)
Event: 38.648 GC heap after
Heap after GC invocations=11 (full 0):
 PSYoungGen      total 225280K, used 31720K [0x00000007eaa80000, 0x0000000800000000, 0x0000000800000000)
  eden space 193536K, 0% used [0x00000007eaa80000,0x00000007eaa80000,0x00000007f6780000)
  from space 31744K, 99% used [0x00000007f6780000,0x00000007f867a038,0x00000007f8680000)
  to   space 45056K, 0% used [0x00000007fd400000,0x00000007fd400000,0x0000000800000000)
 ParOldGen       total 175104K, used 57755K [0x00000007c0000000, 0x00000007cab00000, 0x00000007eaa80000)
  object space 175104K, 32% used [0x00000007c0000000,0x00000007c3866e28,0x00000007cab00000)
 PSPermGen       total 24064K, used 23682K [0x00000007b0000000, 0x00000007b1780000, 0x00000007c0000000)
  object space 24064K, 98% used [0x00000007b0000000,0x00000007b1720930,0x00000007b1780000)
}
Event: 42.490 GC heap before
{Heap before GC invocations=12 (full 0):
 PSYoungGen      total 225280K, used 225256K [0x00000007eaa80000, 0x0000000800000000, 0x0000000800000000)
  eden space 193536K, 100% used [0x00000007eaa80000,0x00000007f6780000,0x00000007f6780000)
  from space 31744K, 99% used [0x00000007f6780000,0x00000007f867a038,0x00000007f8680000)
  to   space 45056K, 0% used [0x00000007fd400000,0x00000007fd400000,0x0000000800000000)
 ParOldGen       total 175104K, used 57755K [0x00000007c0000000, 0x00000007cab00000, 0x00000007eaa80000)
  object space 175104K, 32% used [0x00000007c0000000,0x00000007c3866e28,0x00000007cab00000)
 PSPermGen       total 31232K, used 30933K [0x00000007b0000000, 0x00000007b1e80000, 0x00000007c0000000)
  object space 31232K, 99% used [0x00000007b0000000,0x00000007b1e355c0,0x00000007b1e80000)
Event: 42.590 GC heap after
Heap after GC invocations=12 (full 0):
 PSYoungGen      total 306688K, used 20687K [0x00000007eaa80000, 0x0000000800000000, 0x0000000800000000)
  eden space 261632K, 0% used [0x00000007eaa80000,0x00000007eaa80000,0x00000007faa00000)
  from space 45056K, 45% used [0x00000007fd400000,0x00000007fe833c20,0x0000000800000000)
  to   space 43008K, 0% used [0x00000007faa00000,0x00000007faa00000,0x00000007fd400000)
 ParOldGen       total 175104K, used 74213K [0x00000007c0000000, 0x00000007cab00000, 0x00000007eaa80000)
  object space 175104K, 42% used [0x00000007c0000000,0x00000007c4879748,0x00000007cab00000)
 PSPermGen       total 31232K, used 30933K [0x00000007b0000000, 0x00000007b1e80000, 0x00000007c0000000)
  object space 31232K, 99% used [0x00000007b0000000,0x00000007b1e355c0,0x00000007b1e80000)
}
Event: 53.276 GC heap before
{Heap before GC invocations=13 (full 0):
 PSYoungGen      total 306688K, used 282319K [0x00000007eaa80000, 0x0000000800000000, 0x0000000800000000)
  eden space 261632K, 100% used [0x00000007eaa80000,0x00000007faa00000,0x00000007faa00000)
  from space 45056K, 45% used [0x00000007fd400000,0x00000007fe833c20,0x0000000800000000)
  to   space 43008K, 0% used [0x00000007faa00000,0x00000007faa00000,0x00000007fd400000)
 ParOldGen       total 175104K, used 74213K [0x00000007c0000000, 0x00000007cab00000, 0x00000007eaa80000)
  object space 175104K, 42% used [0x00000007c0000000,0x00000007c4879748,0x00000007cab00000)
 PSPermGen       total 48128K, used 47640K [0x00000007b0000000, 0x00000007b2f00000, 0x00000007c0000000)
  object space 48128K, 98% used [0x00000007b0000000,0x00000007b2e86020,0x00000007b2f00000)
Event: 53.327 GC heap after
Heap after GC invocations=13 (full 0):
 PSYoungGen      total 280576K, used 18505K [0x00000007eaa80000, 0x00000007ffb00000, 0x0000000800000000)
  eden space 261632K, 0% used [0x00000007eaa80000,0x00000007eaa80000,0x00000007faa00000)
  from space 18944K, 97% used [0x00000007faa00000,0x00000007fbc127d0,0x00000007fbc80000)
  to   space 41472K, 0% used [0x00000007fd280000,0x00000007fd280000,0x00000007ffb00000)
 ParOldGen       total 175104K, used 81428K [0x00000007c0000000, 0x00000007cab00000, 0x00000007eaa80000)
  object space 175104K, 46% used [0x00000007c0000000,0x00000007c4f85200,0x00000007cab00000)
 PSPermGen       total 48128K, used 47640K [0x00000007b0000000, 0x00000007b2f00000, 0x00000007c0000000)
  object space 48128K, 98% used [0x00000007b0000000,0x00000007b2e86020,0x00000007b2f00000)
}
Event: 58.598 GC heap before
{Heap before GC invocations=14 (full 0):
 PSYoungGen      total 280576K, used 280137K [0x00000007eaa80000, 0x00000007ffb00000, 0x0000000800000000)
  eden space 261632K, 100% used [0x00000007eaa80000,0x00000007faa00000,0x00000007faa00000)
  from space 18944K, 97% used [0x00000007faa00000,0x00000007fbc127d0,0x00000007fbc80000)
  to   space 41472K, 0% used [0x00000007fd280000,0x00000007fd280000,0x00000007ffb00000)
 ParOldGen       total 175104K, used 81428K [0x00000007c0000000, 0x00000007cab00000, 0x00000007eaa80000)
  object space 175104K, 46% used [0x00000007c0000000,0x00000007c4f85200,0x00000007cab00000)
 PSPermGen       total 54784K, used 54435K [0x00000007b0000000, 0x00000007b3580000, 0x00000007c0000000)
  object space 54784K, 99% used [0x00000007b0000000,0x00000007b3528ec8,0x00000007b3580000)
Event: 58.642 GC heap after
Heap after GC invocations=14 (full 0):
 PSYoungGen      total 304640K, used 17987K [0x00000007eaa80000, 0x0000000800000000, 0x0000000800000000)
  eden space 263168K, 0% used [0x00000007eaa80000,0x00000007eaa80000,0x00000007fab80000)
  from space 41472K, 43% used [0x00000007fd280000,0x00000007fe410d88,0x00000007ffb00000)
  to   space 39936K, 0% used [0x00000007fab80000,0x00000007fab80000,0x00000007fd280000)
 ParOldGen       total 175104K, used 87649K [0x00000007c0000000, 0x00000007cab00000, 0x00000007eaa80000)
  object space 175104K, 50% used [0x00000007c0000000,0x00000007c5598740,0x00000007cab00000)
 PSPermGen       total 54784K, used 54435K [0x00000007b0000000, 0x00000007b3580000, 0x00000007c0000000)
  object space 54784K, 99% used [0x00000007b0000000,0x00000007b3528ec8,0x00000007b3580000)
}

